======================================================================
TOY 671d — k=24 HYBRID: 1600-dps (n<=40) + 3200-dps (n>40)
======================================================================
  Dimensions: n=3..90 (88 total)
  Hybrid cutoff: n<=40 from 1600-dps, n>40 fresh at 3200-dps
  Points per dimension: 48
  Target: a_24 polynomial (degree 48)
  Casey's optimization: skip low-n recomputation

--- Step 1: Loading + computing heat traces ---

  n= 3: WARNING — no 1600-dps checkpoint! Computing fresh...
  n= 3: FRESH at 3200-dps. P_max=1000, 285314 eigenvalues, 62462.8s (total: 1041.0m)
  n= 4: WARNING — no 1600-dps checkpoint! Computing fresh...
  n= 4: FRESH at 3200-dps. P_max=1000, 299445 eigenvalues, 61600.0s (total: 2067.7m)
  n= 5: WARNING — no 1600-dps checkpoint! Computing fresh...
  n= 5: FRESH at 3200-dps. P_max=1000, 285622 eigenvalues, 52755.0s (total: 2947.0m)
  n= 6: WARNING — no 1600-dps checkpoint! Computing fresh...
  n= 6: FRESH at 3200-dps. P_max=1000, 299778 eigenvalues, 71245.6s (total: 4134.4m)
  n= 7: WARNING — no 1600-dps checkpoint! Computing fresh...
  n= 7: FRESH at 3200-dps. P_max=1000, 285947 eigenvalues, 63132.8s (total: 5186.6m)
  n= 8: WARNING — no 1600-dps checkpoint! Computing fresh...
  n= 8: FRESH at 3200-dps. P_max=1000, 300079 eigenvalues, 68087.4s (total: 6321.4m)
  n= 9: WARNING — no 1600-dps checkpoint! Computing fresh...
  n= 9: FRESH at 3200-dps. P_max=1000, 286203 eigenvalues, 73258.2s (total: 7542.4m)
  n=10: WARNING — no 1600-dps checkpoint! Computing fresh...
  n=10: FRESH at 3200-dps. P_max=1000, 300376 eigenvalues, 63689.0s (total: 8603.8m)
  n=11: WARNING — no 1600-dps checkpoint! Computing fresh...
  n=11: FRESH at 3200-dps. P_max=1500, 627747 eigenvalues, 145915.1s (total: 11035.8m)
  n=12: WARNING — no 1600-dps checkpoint! Computing fresh...
  n=12: FRESH at 3200-dps. P_max=1500, 657008 eigenvalues, 124326.5s (total: 13107.9m)
  n=13: WARNING — no 1600-dps checkpoint! Computing fresh...
  n=13: FRESH at 3200-dps. P_max=1500, 628171 eigenvalues, 123993.1s (total: 15174.4m)
  n=14: WARNING — no 1600-dps checkpoint! Computing fresh...
  n=14: FRESH at 3200-dps. P_max=1500, 657387 eigenvalues, 130374.6s (total: 17347.3m)
  n=15: WARNING — no 1600-dps checkpoint! Computing fresh...
