======================================================================
TOY 671d — k=25 HYBRID: 1600-dps (n<=40) + 3200-dps (n>40)
======================================================================
  Dimensions: n=3..90 (88 total)
  Hybrid cutoff: n<=40 from 1600-dps, n>40 fresh at 3200-dps
  Points per dimension: 48
  Target: a_25 polynomial (degree 50)
  Casey's optimization: skip low-n recomputation

--- Step 1: Loading + computing heat traces ---

  n= 3: WARNING — no 1600-dps checkpoint! Computing fresh...
  n= 3: FRESH at 3200-dps. P_max=1000, 285314 eigenvalues, 62459.6s (total: 1041.0m)
  n= 4: WARNING — no 1600-dps checkpoint! Computing fresh...
  n= 4: FRESH at 3200-dps. P_max=1000, 299445 eigenvalues, 61593.2s (total: 2067.5m)
  n= 5: WARNING — no 1600-dps checkpoint! Computing fresh...
  n= 5: FRESH at 3200-dps. P_max=1000, 285622 eigenvalues, 52757.6s (total: 2946.8m)
  n= 6: WARNING — no 1600-dps checkpoint! Computing fresh...
  n= 6: FRESH at 3200-dps. P_max=1000, 299778 eigenvalues, 71239.3s (total: 4134.2m)
  n= 7: WARNING — no 1600-dps checkpoint! Computing fresh...
  n= 7: FRESH at 3200-dps. P_max=1000, 285947 eigenvalues, 63119.7s (total: 5186.2m)
  n= 8: WARNING — no 1600-dps checkpoint! Computing fresh...
  n= 8: FRESH at 3200-dps. P_max=1000, 300079 eigenvalues, 68098.5s (total: 6321.1m)
  n= 9: WARNING — no 1600-dps checkpoint! Computing fresh...
  n= 9: FRESH at 3200-dps. P_max=1000, 286203 eigenvalues, 73260.7s (total: 7542.1m)
  n=10: WARNING — no 1600-dps checkpoint! Computing fresh...
  n=10: FRESH at 3200-dps. P_max=1000, 300376 eigenvalues, 63690.2s (total: 8603.6m)
  n=11: WARNING — no 1600-dps checkpoint! Computing fresh...
  n=11: FRESH at 3200-dps. P_max=1500, 627747 eigenvalues, 145904.4s (total: 11035.4m)
  n=12: WARNING — no 1600-dps checkpoint! Computing fresh...
  n=12: FRESH at 3200-dps. P_max=1500, 657008 eigenvalues, 124340.8s (total: 13107.7m)
  n=13: WARNING — no 1600-dps checkpoint! Computing fresh...
  n=13: FRESH at 3200-dps. P_max=1500, 628171 eigenvalues, 123981.6s (total: 15174.1m)
  n=14: WARNING — no 1600-dps checkpoint! Computing fresh...
