======================================================================
TOY 671d — k=26 HYBRID: 1600-dps (n<=40) + 3200-dps (n>40)
======================================================================
  Dimensions: n=3..90 (88 total)
  Hybrid cutoff: n<=40 from 1600-dps, n>40 fresh at 3200-dps
  Points per dimension: 48
  Target: a_26 polynomial (degree 52)
  Casey's optimization: skip low-n recomputation

--- Step 1: Loading + computing heat traces ---

  n= 3: WARNING — no 1600-dps checkpoint! Computing fresh...
  n= 3: FRESH at 3200-dps. P_max=1000, 285314 eigenvalues, 62448.6s (total: 1040.8m)
  n= 4: WARNING — no 1600-dps checkpoint! Computing fresh...
  n= 4: FRESH at 3200-dps. P_max=1000, 299445 eigenvalues, 61582.1s (total: 2067.2m)
  n= 5: WARNING — no 1600-dps checkpoint! Computing fresh...
  n= 5: FRESH at 3200-dps. P_max=1000, 285622 eigenvalues, 52764.1s (total: 2946.6m)
  n= 6: WARNING — no 1600-dps checkpoint! Computing fresh...
  n= 6: FRESH at 3200-dps. P_max=1000, 299778 eigenvalues, 71236.4s (total: 4133.9m)
  n= 7: WARNING — no 1600-dps checkpoint! Computing fresh...
  n= 7: FRESH at 3200-dps. P_max=1000, 285947 eigenvalues, 63081.3s (total: 5185.2m)
  n= 8: WARNING — no 1600-dps checkpoint! Computing fresh...
  n= 8: FRESH at 3200-dps. P_max=1000, 300079 eigenvalues, 67883.5s (total: 6316.6m)
  n= 9: WARNING — no 1600-dps checkpoint! Computing fresh...
  n= 9: FRESH at 3200-dps. P_max=1000, 286203 eigenvalues, 73495.5s (total: 7541.5m)
  n=10: WARNING — no 1600-dps checkpoint! Computing fresh...
  n=10: FRESH at 3200-dps. P_max=1000, 300376 eigenvalues, 63682.5s (total: 8602.9m)
  n=11: WARNING — no 1600-dps checkpoint! Computing fresh...
  n=11: FRESH at 3200-dps. P_max=1500, 627747 eigenvalues, 145816.8s (total: 11033.2m)
  n=12: WARNING — no 1600-dps checkpoint! Computing fresh...
  n=12: FRESH at 3200-dps. P_max=1500, 657008 eigenvalues, 124395.8s (total: 13106.4m)
  n=13: WARNING — no 1600-dps checkpoint! Computing fresh...
  n=13: FRESH at 3200-dps. P_max=1500, 628171 eigenvalues, 123863.4s (total: 15170.8m)
  n=14: WARNING — no 1600-dps checkpoint! Computing fresh...
